<?xml version="1.0" encoding="UTF-8"?>
<testng-results ignored="0" total="1" passed="1" failed="0" skipped="0">
  <reporter-output>
  </reporter-output>
  <suite started-at="2025-06-19T18:35:08 IST" name="Default suite" finished-at="2025-06-19T18:36:27 IST" duration-ms="79211">
    <groups>
      <group name="cucumber">
        <method signature="AbstractTestNGCucumberTests.runScenario(io.cucumber.testng.PickleWrapper,io.cucumber.testng.FeatureWrapper)[pri:0, instance:Cucumber.TestNGTestsRunner@7bedc48a]" name="runScenario" class="io.cucumber.testng.AbstractTestNGCucumberTests"/>
      </group> <!-- cucumber -->
    </groups>
    <test started-at="2025-06-19T18:35:08 IST" name="Default test" finished-at="2025-06-19T18:36:27 IST" duration-ms="79211">
      <class name="Cucumber.TestNGTestsRunner">
        <test-method is-config="true" signature="setUpClass(org.testng.ITestContext)[pri:0, instance:Cucumber.TestNGTestsRunner@7bedc48a]" started-at="2025-06-19T18:35:08 IST" name="setUpClass" finished-at="2025-06-19T18:35:08 IST" duration-ms="211" status="PASS">
          <params>
            <param index="0">
              <value>
                <![CDATA[org.testng.TestRunner@67514bdd]]>
              </value>
            </param>
          </params>
          <reporter-output>
          </reporter-output>
        </test-method> <!-- setUpClass -->
        <test-method signature="runScenario(io.cucumber.testng.PickleWrapper,io.cucumber.testng.FeatureWrapper)[pri:0, instance:Cucumber.TestNGTestsRunner@7bedc48a]" started-at="2025-06-19T18:35:08 IST" name="runScenario" description="Runs Cucumber Scenarios" data-provider="scenarios" finished-at="2025-06-19T18:36:27 IST" duration-ms="78974" status="PASS">
          <params>
            <param index="0">
              <value>
                <![CDATA["Create Onsite Notification with Existing Template"]]>
              </value>
            </param>
            <param index="1">
              <value>
                <![CDATA["Create Campaign"]]>
              </value>
            </param>
          </params>
          <reporter-output>
          </reporter-output>
        </test-method> <!-- runScenario -->
        <test-method is-config="true" signature="tearDownClass()[pri:0, instance:Cucumber.TestNGTestsRunner@7bedc48a]" started-at="2025-06-19T18:36:27 IST" name="tearDownClass" finished-at="2025-06-19T18:36:27 IST" duration-ms="11" status="PASS">
          <reporter-output>
          </reporter-output>
        </test-method> <!-- tearDownClass -->
      </class> <!-- Cucumber.TestNGTestsRunner -->
    </test> <!-- Default test -->
  </suite> <!-- Default suite -->
</testng-results>
