<?xml version="1.0" encoding="UTF-8" standalone="no"?><testsuite errors="1" failures="0" name="Create Campaign" skipped="0" tests="1" time="43.42" timestamp="2025-06-23 07:04:25"><testcase name="Create Onsite Notification with Existing Template"><error message="Unable to locate element: selector-for-sidenavbar&#10;For documentation on this error, please visit: https://www.selenium.dev/documentation/webdriver/troubleshooting/errors#no-such-element-exception&#10;Build info: version: '4.33.0', revision: '2c6aaad03a'&#10;System info: os.name: 'Mac OS X', os.arch: 'aarch64', os.version: '15.1', java.version: '21.0.5'&#10;Driver info: org.openqa.selenium.firefox.FirefoxDriver&#10;Command: [9bf8dc2f-00f4-4550-b845-d43d18fd89ca, findElement {value=selector-for-sidenavbar, using=css selector}]&#10;Capabilities {acceptInsecureCerts: true, browserName: firefox, browserVersion: 139.0.4, moz:accessibilityChecks: false, moz:buildID: 20250609112858, moz:geckodriverVersion: 0.36.0, moz:headless: false, moz:platformVersion: 24.1.0, moz:processID: 52723, moz:profile: /var/folders/mq/n6pv68hx77x..., moz:shutdownTimeout: 60000, moz:webdriverClick: true, moz:windowless: false, pageLoadStrategy: normal, platformName: mac, proxy: Proxy(), setWindowRect: true, strictFileInteractability: false, timeouts: {implicit: 0, pageLoad: 300000, script: 30000}, unhandledPromptBehavior: dismiss and notify, userAgent: Mozilla/5.0 (Macintosh; Int...}&#10;Session ID: 9bf8dc2f-00f4-4550-b845-d43d18fd89ca" type="org.openqa.selenium.NoSuchElementException">Unable to locate element: selector-for-sidenavbar
For documentation on this error, please visit: https://www.selenium.dev/documentation/webdriver/troubleshooting/errors#no-such-element-exception
Build info: version: '4.33.0', revision: '2c6aaad03a'
System info: os.name: 'Mac OS X', os.arch: 'aarch64', os.version: '15.1', java.version: '21.0.5'
Driver info: org.openqa.selenium.firefox.FirefoxDriver
Command: [9bf8dc2f-00f4-4550-b845-d43d18fd89ca, findElement {value=selector-for-sidenavbar, using=css selector}]
Capabilities {acceptInsecureCerts: true, browserName: firefox, browserVersion: 139.0.4, moz:accessibilityChecks: false, moz:buildID: 20250609112858, moz:geckodriverVersion: 0.36.0, moz:headless: false, moz:platformVersion: 24.1.0, moz:processID: 52723, moz:profile: /var/folders/mq/n6pv68hx77x..., moz:shutdownTimeout: 60000, moz:webdriverClick: true, moz:windowless: false, pageLoadStrategy: normal, platformName: mac, proxy: Proxy(), setWindowRect: true, strictFileInteractability: false, timeouts: {implicit: 0, pageLoad: 300000, script: 30000}, unhandledPromptBehavior: dismiss and notify, userAgent: Mozilla/5.0 (Macintosh; Int...}
Session ID: 9bf8dc2f-00f4-4550-b845-d43d18fd89ca</error><system-err>Unable to locate element: selector-for-sidenavbar
For documentation on this error, please visit: https://www.selenium.dev/documentation/webdriver/troubleshooting/errors#no-such-element-exception
Build info: version: '4.33.0', revision: '2c6aaad03a'
System info: os.name: 'Mac OS X', os.arch: 'aarch64', os.version: '15.1', java.version: '21.0.5'
Driver info: org.openqa.selenium.firefox.FirefoxDriver
Command: [9bf8dc2f-00f4-4550-b845-d43d18fd89ca, findElement {value=selector-for-sidenavbar, using=css selector}]
Capabilities {acceptInsecureCerts: true, browserName: firefox, browserVersion: 139.0.4, moz:accessibilityChecks: false, moz:buildID: 20250609112858, moz:geckodriverVersion: 0.36.0, moz:headless: false, moz:platformVersion: 24.1.0, moz:processID: 52723, moz:profile: /var/folders/mq/n6pv68hx77x..., moz:shutdownTimeout: 60000, moz:webdriverClick: true, moz:windowless: false, pageLoadStrategy: normal, platformName: mac, proxy: Proxy(), setWindowRect: true, strictFileInteractability: false, timeouts: {implicit: 0, pageLoad: 300000, script: 30000}, unhandledPromptBehavior: dismiss and notify, userAgent: Mozilla/5.0 (Macintosh; Int...}
Session ID: 9bf8dc2f-00f4-4550-b845-d43d18fd89ca
Webengage.PageNavigate.navigatToOnsitePage4(PageNavigate.java:374)
Webengage.stepDefinitions.StepDefinationimp.I_Navigate_to_Onsitepage_via_Web_Personalisation(StepDefinationimp.java:18)
✽.I Navigate to "On-site Notifications" page via "Web Personalization"(file:///Users/sarvesh_pandey/Documents/Webengage_Automation/Onsite_Cucumber_P/src/test/resources/features/Onsite.feature:47)
</system-err></testcase></testsuite>